<?xml version="1.0" encoding="UTF-8" ?>
<testsuite tests="51" failures="0" name="cucumberOptions.TestRunner2" time="0.003" errors="0" skipped="0">
  <properties>
    <property name="java.runtime.name" value="Java(TM) SE Runtime Environment"/>
    <property name="sun.boot.library.path" value="C:\Program Files\Java\jdk1.8.0_162\jre\bin"/>
    <property name="java.vm.version" value="25.162-b12"/>
    <property name="java.vm.vendor" value="Oracle Corporation"/>
    <property name="maven.multiModuleProjectDirectory" value="C:\Users\AMAN\workspace\AutomationUdemy"/>
    <property name="java.vendor.url" value="http://java.oracle.com/"/>
    <property name="path.separator" value=";"/>
    <property name="guice.disable.misplaced.annotation.check" value="true"/>
    <property name="java.vm.name" value="Java HotSpot(TM) 64-Bit Server VM"/>
    <property name="file.encoding.pkg" value="sun.io"/>
    <property name="user.script" value=""/>
    <property name="user.country" value="US"/>
    <property name="sun.java.launcher" value="SUN_STANDARD"/>
    <property name="sun.os.patch.level" value=""/>
    <property name="java.vm.specification.name" value="Java Virtual Machine Specification"/>
    <property name="user.dir" value="C:\Users\AMAN\workspace\AutomationUdemy"/>
    <property name="java.runtime.version" value="1.8.0_162-b12"/>
    <property name="java.awt.graphicsenv" value="sun.awt.Win32GraphicsEnvironment"/>
    <property name="java.endorsed.dirs" value="C:\Program Files\Java\jdk1.8.0_162\jre\lib\endorsed"/>
    <property name="os.arch" value="amd64"/>
    <property name="java.io.tmpdir" value="C:\Users\AMAN\AppData\Local\Temp\"/>
    <property name="line.separator" value="
"/>
    <property name="java.vm.specification.vendor" value="Oracle Corporation"/>
    <property name="user.variant" value=""/>
    <property name="os.name" value="Windows 10"/>
    <property name="classworlds.conf" value="C:\Users\AMAN\SeleniumDocs\apache-maven-3.5.3-bin\apache-maven-3.5.3\bin\..\bin\m2.conf"/>
    <property name="sun.jnu.encoding" value="Cp1252"/>
    <property name="java.library.path" value="C:\Program Files\Java\jdk1.8.0_162\bin;C:\WINDOWS\Sun\Java\bin;C:\WINDOWS\system32;C:\WINDOWS;C:\ProgramData\Oracle\Java\javapath;C:\oraclexe\app\oracle\product\11.2.0\server\bin;C:\Program Files (x86)\Intel\iCLS Client\;C:\Program Files\Intel\iCLS Client\;C:\WINDOWS\system32;C:\WINDOWS;C:\WINDOWS\System32\Wbem;C:\WINDOWS\System32\WindowsPowerShell\v1.0\;C:\Program Files (x86)\Intel\Intel(R) Management Engine Components\DAL;C:\Program Files\Intel\Intel(R) Management Engine Components\DAL;C:\Program Files (x86)\Intel\Intel(R) Management Engine Components\IPT;C:\Program Files\Intel\Intel(R) Management Engine Components\IPT;C:\Program Files\Intel\WiFi\bin\;C:\Program Files\Common Files\Intel\WirelessCommon\;C:\Users\AMAN\SeleniumDocs\apache-maven-3.5.3-bin\apache-maven-3.5.3\bin;C:\Program Files\Java\jdk1.8.0_162\bin;;C:\WINDOWS\System32\OpenSSH\;C:\Users\AMAN\AppData\Local\Microsoft\WindowsApps;."/>
    <property name="maven.conf" value="C:\Users\AMAN\SeleniumDocs\apache-maven-3.5.3-bin\apache-maven-3.5.3\bin\../conf"/>
    <property name="java.specification.name" value="Java Platform API Specification"/>
    <property name="java.class.version" value="52.0"/>
    <property name="sun.management.compiler" value="HotSpot 64-Bit Tiered Compilers"/>
    <property name="os.version" value="10.0"/>
    <property name="library.jansi.path" value="C:\Users\AMAN\SeleniumDocs\apache-maven-3.5.3-bin\apache-maven-3.5.3\bin\..\lib\jansi-native"/>
    <property name="user.home" value="C:\Users\AMAN"/>
    <property name="user.timezone" value="America/New_York"/>
    <property name="java.awt.printerjob" value="sun.awt.windows.WPrinterJob"/>
    <property name="java.specification.version" value="1.8"/>
    <property name="file.encoding" value="Cp1252"/>
    <property name="user.name" value="AMAN"/>
    <property name="java.class.path" value="C:\Users\AMAN\SeleniumDocs\apache-maven-3.5.3-bin\apache-maven-3.5.3\bin\..\boot\plexus-classworlds-2.5.2.jar"/>
    <property name="java.vm.specification.version" value="1.8"/>
    <property name="sun.arch.data.model" value="64"/>
    <property name="java.home" value="C:\Program Files\Java\jdk1.8.0_162\jre"/>
    <property name="sun.java.command" value="org.codehaus.plexus.classworlds.launcher.Launcher test"/>
    <property name="java.specification.vendor" value="Oracle Corporation"/>
    <property name="user.language" value="en"/>
    <property name="awt.toolkit" value="sun.awt.windows.WToolkit"/>
    <property name="java.vm.info" value="mixed mode"/>
    <property name="java.version" value="1.8.0_162"/>
    <property name="java.ext.dirs" value="C:\Program Files\Java\jdk1.8.0_162\jre\lib\ext;C:\WINDOWS\Sun\Java\lib\ext"/>
    <property name="sun.boot.class.path" value="C:\Program Files\Java\jdk1.8.0_162\jre\lib\resources.jar;C:\Program Files\Java\jdk1.8.0_162\jre\lib\rt.jar;C:\Program Files\Java\jdk1.8.0_162\jre\lib\sunrsasign.jar;C:\Program Files\Java\jdk1.8.0_162\jre\lib\jsse.jar;C:\Program Files\Java\jdk1.8.0_162\jre\lib\jce.jar;C:\Program Files\Java\jdk1.8.0_162\jre\lib\charsets.jar;C:\Program Files\Java\jdk1.8.0_162\jre\lib\jfr.jar;C:\Program Files\Java\jdk1.8.0_162\jre\classes"/>
    <property name="sun.stderr.encoding" value="cp437"/>
    <property name="java.vendor" value="Oracle Corporation"/>
    <property name="maven.home" value="C:\Users\AMAN\SeleniumDocs\apache-maven-3.5.3-bin\apache-maven-3.5.3\bin\.."/>
    <property name="file.separator" value="\"/>
    <property name="java.vendor.url.bug" value="http://bugreport.sun.com/bugreport/"/>
    <property name="sun.cpu.endian" value="little"/>
    <property name="sun.io.unicode.encoding" value="UnicodeLittle"/>
    <property name="sun.stdout.encoding" value="cp437"/>
    <property name="sun.desktop" value="windows"/>
    <property name="sun.cpu.isalist" value="amd64"/>
  </properties>
  <testcase classname="Scenario: Home page dafault login" name="Given validate the browser" time="0"/>
  <testcase classname="Scenario: Home page dafault login" name="When Browser is triggered" time="0"/>
  <testcase classname="Scenario: Home page dafault login" name="Then check if browser is started" time="0"/>
  <testcase classname="Scenario: Home page dafault login" name="Given User is on NetBanking landing page" time="0"/>
  <testcase classname="Scenario: Home page dafault login" name="When User login into application with &quot;jin&quot; and password &quot;1234&quot;" time="0"/>
  <testcase classname="Scenario: Home page dafault login" name="Then Home page is populated" time="0"/>
  <testcase classname="Scenario: Home page dafault login" name="And Cards displayed are &quot;true&quot;" time="0"/>
  <testcase classname="Scenario: Home page dafault login" name="Scenario: Home page dafault login" time="0"/>
  <testcase classname="Scenario: Home page dafault login" name="Given validate the browser" time="0"/>
  <testcase classname="Scenario: Home page dafault login" name="When Browser is triggered" time="0"/>
  <testcase classname="Scenario: Home page dafault login" name="Then check if browser is started" time="0"/>
  <testcase classname="Scenario: Home page dafault login" name="Given User is on NetBanking landing page" time="0"/>
  <testcase classname="Scenario: Home page dafault login" name="When User login into application with &quot;jin&quot; and password &quot;1234&quot;" time="0"/>
  <testcase classname="Scenario: Home page dafault login" name="Then Home page is populated" time="0"/>
  <testcase classname="Scenario: Home page dafault login" name="And Cards displayed are &quot;true&quot;" time="0"/>
  <testcase classname="Scenario: Home page dafault login" name="Scenario: Home page dafault login" time="0.001"/>
  <testcase classname="Scenario: Home page dafault login" name="Given User is on NetBanking landing page" time="0"/>
  <testcase classname="Scenario: Home page dafault login" name="When User login into application with &quot;jin&quot; and password &quot;1234&quot;" time="0"/>
  <testcase classname="Scenario: Home page dafault login" name="Then Home page is populated" time="0"/>
  <testcase classname="Scenario: Home page dafault login" name="And Cards displayed are &quot;true&quot;" time="0"/>
  <testcase classname="Scenario: Home page dafault login" name="Scenario: Home page dafault login" time="0.001"/>
  <testcase classname="Scenario: Home page dafault login" name="Given User is on NetBanking landing page" time="0"/>
  <testcase classname="Scenario: Home page dafault login" name="When User login into application with &quot;john&quot; and password &quot;4321&quot;" time="0"/>
  <testcase classname="Scenario: Home page dafault login" name="Then Home page is populated" time="0"/>
  <testcase classname="Scenario: Home page dafault login" name="And Cards displayed are &quot;false&quot;" time="0"/>
  <testcase classname="Scenario: Home page dafault login" name="Scenario: Home page dafault login" time="0.001"/>
  <testcase classname="Scenario: Home page dafault login" name="Given User is on NetBanking landing page" time="0"/>
  <testcase classname="Scenario: Home page dafault login" name="When User sign up with following details" time="0"/>
  <testcase classname="Scenario: Home page dafault login" name="Then Home page is populated" time="0"/>
  <testcase classname="Scenario: Home page dafault login" name="And Cards displayed are &quot;false&quot;" time="0"/>
  <testcase classname="Scenario: Home page dafault login" name="Scenario: Home page dafault login" time="0"/>
  <testcase classname="| user1 | pass1 |" name="Given User is on NetBanking landing page" time="0"/>
  <testcase classname="| user1 | pass1 |" name="When User login in to application with user1 and password pass1" time="0"/>
  <testcase classname="| user1 | pass1 |" name="Then Home page is populated" time="0"/>
  <testcase classname="| user1 | pass1 |" name="And Cards displayed are &quot;true&quot;" time="0"/>
  <testcase classname="| user1 | pass1 |" name="| user1 | pass1 |" time="0"/>
  <testcase classname="| user2 | pass2 |" name="Given User is on NetBanking landing page" time="0"/>
  <testcase classname="| user2 | pass2 |" name="When User login in to application with user2 and password pass2" time="0"/>
  <testcase classname="| user2 | pass2 |" name="Then Home page is populated" time="0"/>
  <testcase classname="| user2 | pass2 |" name="And Cards displayed are &quot;true&quot;" time="0"/>
  <testcase classname="| user2 | pass2 |" name="| user2 | pass2 |" time="0"/>
  <testcase classname="| user3 | pass3 |" name="Given User is on NetBanking landing page" time="0"/>
  <testcase classname="| user3 | pass3 |" name="When User login in to application with user3 and password pass3" time="0"/>
  <testcase classname="| user3 | pass3 |" name="Then Home page is populated" time="0"/>
  <testcase classname="| user3 | pass3 |" name="And Cards displayed are &quot;true&quot;" time="0"/>
  <testcase classname="| user3 | pass3 |" name="| user3 | pass3 |" time="0"/>
  <testcase classname="| user4 | pass4 |" name="Given User is on NetBanking landing page" time="0"/>
  <testcase classname="| user4 | pass4 |" name="When User login in to application with user4 and password pass4" time="0"/>
  <testcase classname="| user4 | pass4 |" name="Then Home page is populated" time="0"/>
  <testcase classname="| user4 | pass4 |" name="And Cards displayed are &quot;true&quot;" time="0"/>
  <testcase classname="| user4 | pass4 |" name="| user4 | pass4 |" time="0"/>
</testsuite>